The system is: Windows - 10.0.19041 - AMD64
Compiling the C compiler identification source file "CMakeCCompilerId.c" succeeded.
Compiler: C:/Program Files (x86)/Microsoft Visual Studio/2019/Enterprise/VC/Tools/MSVC/14.27.29110/bin/Hostx64/x64/cl.exe 
Build flags: 
Id flags:  

The output was:
0
Microsoft (R) C/C++ wersja kompilatora optymalizującego 19.27.29112 dla x64
Copyright (C) Microsoft Corporation. Wszystkie prawa zastrzeżone.

CMakeCCompilerId.c
Microsoft (R) Incremental Linker Version 14.27.29112.0
Copyright (C) Microsoft Corporation.  All rights reserved.

/out:CMakeCCompilerId.exe 
CMakeCCompilerId.obj 


Compilation of the C compiler identification source "CMakeCCompilerId.c" produced "CMakeCCompilerId.exe"

Compilation of the C compiler identification source "CMakeCCompilerId.c" produced "CMakeCCompilerId.obj"

The C compiler identification is MSVC, found in "C:/206.-Slizgacz-bagienny/Include/glm/out/build/x64-Debug (domyślnie)/CMakeFiles/3.17.20032601-MSVC_2/CompilerIdC/CMakeCCompilerId.exe"

Compiling the CXX compiler identification source file "CMakeCXXCompilerId.cpp" succeeded.
Compiler: C:/Program Files (x86)/Microsoft Visual Studio/2019/Enterprise/VC/Tools/MSVC/14.27.29110/bin/Hostx64/x64/cl.exe 
Build flags: 
Id flags:  

The output was:
0
Microsoft (R) C/C++ wersja kompilatora optymalizującego 19.27.29112 dla x64
Copyright (C) Microsoft Corporation. Wszystkie prawa zastrzeżone.

CMakeCXXCompilerId.cpp
Microsoft (R) Incremental Linker Version 14.27.29112.0
Copyright (C) Microsoft Corporation.  All rights reserved.

/out:CMakeCXXCompilerId.exe 
CMakeCXXCompilerId.obj 


Compilation of the CXX compiler identification source "CMakeCXXCompilerId.cpp" produced "CMakeCXXCompilerId.exe"

Compilation of the CXX compiler identification source "CMakeCXXCompilerId.cpp" produced "CMakeCXXCompilerId.obj"

The CXX compiler identification is MSVC, found in "C:/206.-Slizgacz-bagienny/Include/glm/out/build/x64-Debug (domyślnie)/CMakeFiles/3.17.20032601-MSVC_2/CompilerIdCXX/CMakeCXXCompilerId.exe"

Determining if the C compiler works passed with the following output:
Change Dir: C:/206.-Slizgacz-bagienny/Include/glm/out/build/x64-Debug (domyślnie)/CMakeFiles/CMakeTmp

Run Build Command(s):C:/Program Files (x86)/Microsoft Visual Studio/2019/Enterprise/Common7/IDE/CommonExtensions/Microsoft/CMake/Ninja/ninja.exe cmTC_3a8ff && [1/2] Building C object CMakeFiles\cmTC_3a8ff.dir\testCCompiler.c.obj
[2/2] Linking C executable cmTC_3a8ff.exe



Detecting C compiler ABI info compiled with the following output:
Change Dir: C:/206.-Slizgacz-bagienny/Include/glm/out/build/x64-Debug (domyślnie)/CMakeFiles/CMakeTmp

Run Build Command(s):C:/Program Files (x86)/Microsoft Visual Studio/2019/Enterprise/Common7/IDE/CommonExtensions/Microsoft/CMake/Ninja/ninja.exe cmTC_1db08 && [1/2] Building C object CMakeFiles\cmTC_1db08.dir\CMakeCCompilerABI.c.obj
[2/2] Linking C executable cmTC_1db08.exe



Determining if the CXX compiler works passed with the following output:
Change Dir: C:/206.-Slizgacz-bagienny/Include/glm/out/build/x64-Debug (domyślnie)/CMakeFiles/CMakeTmp

Run Build Command(s):C:/Program Files (x86)/Microsoft Visual Studio/2019/Enterprise/Common7/IDE/CommonExtensions/Microsoft/CMake/Ninja/ninja.exe cmTC_33126 && [1/2] Building CXX object CMakeFiles\cmTC_33126.dir\testCXXCompiler.cxx.obj
[2/2] Linking CXX executable cmTC_33126.exe



Detecting CXX compiler ABI info compiled with the following output:
Change Dir: C:/206.-Slizgacz-bagienny/Include/glm/out/build/x64-Debug (domyślnie)/CMakeFiles/CMakeTmp

Run Build Command(s):C:/Program Files (x86)/Microsoft Visual Studio/2019/Enterprise/Common7/IDE/CommonExtensions/Microsoft/CMake/Ninja/ninja.exe cmTC_c7f94 && [1/2] Building CXX object CMakeFiles\cmTC_c7f94.dir\CMakeCXXCompilerABI.cpp.obj
[2/2] Linking CXX executable cmTC_c7f94.exe



